<?xml version="1.0" encoding="utf-8" standalone="no"?>
<!--This file represents the results of running a test suite-->
<test-results name="c:\Projects\Github\FSRazor-reorganize\tests\FSRazor.Mvc3.Tests\bin\Release\FSRazor.Mvc3.Tests.dll" total="1" errors="0" failures="0" not-run="0" inconclusive="0" ignored="0" skipped="0" invalid="0" date="2015-09-01" time="23:41:39">
  <environment nunit-version="2.6.4.14350" clr-version="2.0.50727.8662" os-version="Microsoft Windows NT 6.2.9200.0" platform="Win32NT" cwd="c:\Projects\Github\FSRazor-reorganize" machine-name="LENOVO-PC" user="JeroldHaas" user-domain="Lenovo-PC" />
  <culture-info current-culture="en-US" current-uiculture="en-US" />
  <test-suite type="Assembly" name="c:\Projects\Github\FSRazor-reorganize\tests\FSRazor.Mvc3.Tests\bin\Release\FSRazor.Mvc3.Tests.dll" executed="True" result="Success" success="True" time="0.107" asserts="0">
    <results>
      <test-suite type="Namespace" name="FSRazor.Mvc3" executed="True" result="Success" success="True" time="0.096" asserts="0">
        <results>
          <test-suite type="TestFixture" name="Tests" executed="True" result="Success" success="True" time="0.095" asserts="0">
            <results>
              <test-case name="FSRazor.Mvc3.Tests.hello returns 42" executed="True" result="Success" success="True" time="0.087" asserts="1" />
            </results>
          </test-suite>
        </results>
      </test-suite>
    </results>
  </test-suite>
</test-results>
